<?xml version="1.0" encoding="UTF-8"?>
<!-- Generated by org.testng.reporters.JUnitReportReporter -->
<testsuite hostname="mc193" failures="0" tests="1" name="Example" time="0.006" errors="0" timestamp="2022-04-07T07:44:52 PDT" skipped="0">
  <testcase classname="Example" name="test" time="0.006"/>
  <system-out/>
</testsuite> <!-- Example -->
